<?xml version="1.0" encoding="UTF-8"?>
<testsuite xmlns:xsi="http://www.w3.org/2001/XMLSchema-instance" xsi:noNamespaceSchemaLocation="https://maven.apache.org/surefire/maven-surefire-plugin/xsd/surefire-test-report.xsd" name="dev.gisela.TollStationTest" time="0.007" tests="4" errors="0" skipped="0" failures="4">
  <properties>
[...]
</properties>
  <testcase name="dev.gisela.TollStationTest.testRegisterCar" classname="dev.gisela.TollStationTest" time="0.001">
    <failure message="Cannot invoke &quot;dev.gisela.TollStation.registerVehicle(dev.gisela.Vehicle)&quot; because &quot;this.tollStation&quot; is null" type="java.lang.NullPointerException">java.lang.NullPointerException: Cannot invoke "dev.gisela.TollStation.registerVehicle(dev.gisela.Vehicle)" because "this.tollStation" is null
	at dev.gisela.TollStationTest.testRegisterCar(TollStationTest.java:21)
</failure>
  </testcase>
  <testcase name="dev.gisela.TollStationTest.testRegisterMotorcycle" classname="dev.gisela.TollStationTest" time="0">
    <failure message="Cannot invoke &quot;dev.gisela.TollStation.registerVehicle(dev.gisela.Vehicle)&quot; because &quot;this.tollStation&quot; is null" type="java.lang.NullPointerException">java.lang.NullPointerException: Cannot invoke "dev.gisela.TollStation.registerVehicle(dev.gisela.Vehicle)" because "this.tollStation" is null
	at dev.gisela.TollStationTest.testRegisterMotorcycle(TollStationTest.java:30)
</failure>
  </testcase>
  <testcase name="dev.gisela.TollStationTest.testRegisterTruck" classname="dev.gisela.TollStationTest" time="0.002">
    <failure message="Cannot invoke &quot;dev.gisela.TollStation.registerVehicle(dev.gisela.Vehicle)&quot; because &quot;this.tollStation&quot; is null" type="java.lang.NullPointerException">java.lang.NullPointerException: Cannot invoke "dev.gisela.TollStation.registerVehicle(dev.gisela.Vehicle)" because "this.tollStation" is null
	at dev.gisela.TollStationTest.testRegisterTruck(TollStationTest.java:39)
</failure>
  </testcase>
  <testcase name="dev.gisela.TollStationTest.testTotalCollected" classname="dev.gisela.TollStationTest" time="0.001">
    <failure message="Cannot invoke &quot;dev.gisela.TollStation.registerVehicle(dev.gisela.Vehicle)&quot; because &quot;this.tollStation&quot; is null" type="java.lang.NullPointerException">java.lang.NullPointerException: Cannot invoke "dev.gisela.TollStation.registerVehicle(dev.gisela.Vehicle)" because "this.tollStation" is null
	at dev.gisela.TollStationTest.testTotalCollected(TollStationTest.java:51)
</failure>
  </testcase>
</testsuite>